2014-08-18 11:18:36,085 - Log4JLogChute initialized using file 'velocity.log'
2014-08-18 11:18:36,086 - Starting Apache Velocity v1.6.4 (compiled: 2010-04-27 15:31:23)
2014-08-18 11:18:36,086 - Default Properties File: org/apache/velocity/runtime/defaults/velocity.properties
2014-08-18 11:18:36,086 - Trying to use logger class org.apache.velocity.runtime.log.AvalonLogChute
2014-08-18 11:18:36,086 - Target log system for org.apache.velocity.runtime.log.AvalonLogChute is not available (java.lang.NoClassDefFoundError: org/apache/log/format/Formatter).  Falling back to next log system...
2014-08-18 11:18:36,086 - Trying to use logger class org.apache.velocity.runtime.log.Log4JLogChute
2014-08-18 11:18:36,086 - Using logger class org.apache.velocity.runtime.log.Log4JLogChute
2014-08-18 11:18:36,090 - ResourceLoader instantiated: org.apache.velocity.runtime.resource.loader.FileResourceLoader
2014-08-18 11:18:36,092 - Do unicode file recognition:  false
2014-08-18 11:18:36,092 - FileResourceLoader : adding path '.'
2014-08-18 11:18:36,101 - ResourceCache: initialized (class org.apache.velocity.runtime.resource.ResourceCacheImpl) with class java.util.Collections$SynchronizedMap cache map.
2014-08-18 11:18:36,102 - Loaded System Directive: org.apache.velocity.runtime.directive.Define
2014-08-18 11:18:36,103 - Loaded System Directive: org.apache.velocity.runtime.directive.Break
2014-08-18 11:18:36,103 - Loaded System Directive: org.apache.velocity.runtime.directive.Evaluate
2014-08-18 11:18:36,104 - Loaded System Directive: org.apache.velocity.runtime.directive.Literal
2014-08-18 11:18:36,105 - Loaded System Directive: org.apache.velocity.runtime.directive.Macro
2014-08-18 11:18:36,106 - Loaded System Directive: org.apache.velocity.runtime.directive.Parse
2014-08-18 11:18:36,107 - Loaded System Directive: org.apache.velocity.runtime.directive.Include
2014-08-18 11:18:36,107 - Loaded System Directive: org.apache.velocity.runtime.directive.Foreach
2014-08-18 11:18:36,109 - Velocity was not initialized! Calling init()...
2014-08-18 11:18:36,125 - Velocity was not initialized! Calling init()...
2014-08-18 11:18:36,126 - Velocity was not initialized! Calling init()...
2014-08-18 11:18:36,126 - Velocity was not initialized! Calling init()...
2014-08-18 11:18:36,126 - Velocity was not initialized! Calling init()...
2014-08-18 11:18:36,126 - Velocity was not initialized! Calling init()...
2014-08-18 11:18:36,126 - Velocity was not initialized! Calling init()...
2014-08-18 11:18:36,126 - Velocity was not initialized! Calling init()...
2014-08-18 11:18:36,126 - Velocity was not initialized! Calling init()...
2014-08-18 11:18:36,126 - Velocity was not initialized! Calling init()...
2014-08-18 11:18:36,127 - Velocity was not initialized! Calling init()...
2014-08-18 11:18:36,127 - Velocity was not initialized! Calling init()...
2014-08-18 11:18:36,127 - Velocity was not initialized! Calling init()...
2014-08-18 11:18:36,127 - Velocity was not initialized! Calling init()...
2014-08-18 11:18:36,127 - Velocity was not initialized! Calling init()...
2014-08-18 11:18:36,127 - Velocity was not initialized! Calling init()...
2014-08-18 11:18:36,127 - Velocity was not initialized! Calling init()...
2014-08-18 11:18:36,127 - Velocity was not initialized! Calling init()...
2014-08-18 11:18:36,127 - Velocity was not initialized! Calling init()...
2014-08-18 11:18:36,128 - Velocity was not initialized! Calling init()...
2014-08-18 11:18:36,128 - Created '20' parsers.
2014-08-18 11:18:36,133 - Velocimacro : "velocimacro.library" is not set.  Trying default library: VM_global_library.vm
2014-08-18 11:18:36,133 - Velocity was not initialized! Calling init()...
2014-08-18 11:18:36,133 - Velocimacro : Default library not found.
2014-08-18 11:18:36,133 - Velocimacro : allowInline = true : VMs can be defined inline in templates
2014-08-18 11:18:36,133 - Velocimacro : allowInlineToOverride = false : VMs defined inline may NOT replace previous VM definitions
2014-08-18 11:18:36,133 - Velocimacro : allowInlineLocal = false : VMs defined inline will be global in scope if allowed.
2014-08-18 11:18:36,133 - Velocimacro : autoload off : VM system will not automatically reload global library macros
2014-08-18 11:18:36,145 - ResourceManager : found ./src/email.vm with loader org.apache.velocity.runtime.resource.loader.FileResourceLoader
